Arguments: 
  C:\Users\megha\anaconda3\node.exe C:\Users\megha\anaconda3\Library\bin\yarn.js install

PATH: 
  C:\Users\megha\anaconda3;C:\Users\megha\anaconda3\Library\mingw-w64\bin;C:\Users\megha\anaconda3\Library\usr\bin;C:\Users\megha\anaconda3\Library\bin;C:\Users\megha\anaconda3\Scripts;C:\Users\megha\anaconda3\bin;C:\Users\megha\anaconda3\condabin;C:\WINDOWS\system32;C:\WINDOWS;C:\WINDOWS\System32\Wbem;C:\WINDOWS\System32\WindowsPowerShell\v1.0;C:\WINDOWS\System32\OpenSSH;C:\Program Files\Docker\Docker\resources\bin;C:\Program Files\Git\cmd;C:\Program Files\dotnet;C:\Program Files\nodejs;C:\Users\megha\AppData\Local\Programs\Python\Python313\Scripts;C:\Users\megha\AppData\Local\Programs\Python\Python313;C:\Users\megha\AppData\Local\Microsoft\WindowsApps;C:\Users\megha\AppData\Local\Programs\Microsoft VS Code\bin;C:\Users\megha\AppData\Local\GitHubDesktop\bin;C:\Users\megha\AppData\Local\Programs\Swift\Runtimes\6.0.2\usr\bin;C:\Users\megha\AppData\Local\Programs\Swift\Toolchains\6.0.2+Asserts\usr\bin;C:\Users\megha\AppData\Local\Programs\Swift\Tools\6.0.2;C:\Users\megha\AppData\Roaming\npm;.

Yarn version: 
  1.22.19

Node version: 
  20.17.0

Platform: 
  win32 x64

Trace: 
  Error: EPERM: operation not permitted, unlink 'C:\Users\megha\scrapyard-columbus\node_modules\@tailwindcss\oxide-win32-x64-msvc\tailwindcss-oxide.win32-x64-msvc.node'

npm manifest: 
  {
    "name": "@hackclub/theme-starter",
    "version": "0.0.1",
    "author": "Lachlan Campbell <lachlan@hackclub.com>",
    "license": "MIT",
    "private": true,
    "scripts": {
      "dev": "next",
      "build": "next build",
      "start": "next start"
    },
    "dependencies": {
      "@emotion/react": "^11.14.0",
      "@emotion/styled": "^11.14.0",
      "@hackclub/meta": "^1.1.33",
      "@hackclub/theme": "^0.3.3",
      "@mdx-js/loader": "^3.1.0",
      "@mdx-js/react": "^3.1.0",
      "@next/mdx": "^15.1.6",
      "@tailwindcss/postcss": "^4.0.7",
      "airtable-plus": "^1.0.4",
      "leaflet": "^1.9.4",
      "motion": "^12.4.2",
      "next": "^15.1.6",
      "postcss": "^8.5.1",
      "react": "^18.3.1",
      "react-dom": "^18.3.1",
      "react-leaflet": "^4.0.0",
      "tailwindcss": "^4.0.6",
      "theme-ui": "0.17.1"
    },
    "devDependencies": {
      "prettier": "^3.5.0"
    }
  }

yarn manifest: 
  No manifest

Lockfile: 
  No lockfile
